# JRE version: Java(TM) SE Runtime Environment (8.0_05-b13) (build 1.8.0_05-b13)
# Java VM: Java HotSpot(TM) 64-Bit Server VM (25.5-b02 mixed mode windows-amd64 compressed oops)
Heap:
 PSYoungGen      total 6144K, used 3228K [0x00000000d5c00000, 0x00000000d6800000, 0x0000000100000000)
  eden space 3072K, 81% used [0x00000000d5c00000,0x00000000d5e6f398,0x00000000d5f00000)
  from space 3072K, 23% used [0x00000000d5f00000,0x00000000d5fb8000,0x00000000d6200000)
  to   space 3072K, 0% used [0x00000000d6500000,0x00000000d6500000,0x00000000d6800000)
 ParOldGen       total 129536K, used 3453K [0x0000000081400000, 0x0000000089280000, 0x00000000d5c00000)
  object space 129536K, 2% used [0x0000000081400000,0x000000008175f630,0x0000000089280000)
 Metaspace       used 21150K, capacity 21266K, committed 21296K, reserved 1069056K
  class space    used 1623K, capacity 1654K, committed 1664K, reserved 1048576K
GC Heap History (10 events):
Event: 0.712 GC heap before
{Heap before GC invocations=3 (full 0):
 PSYoungGen      total 1536K, used 1536K [0x00000000d5c00000, 0x00000000d5e00000, 0x0000000100000000)
  eden space 1024K, 100% used [0x00000000d5c00000,0x00000000d5d00000,0x00000000d5d00000)
  from space 512K, 100% used [0x00000000d5d80000,0x00000000d5e00000,0x00000000d5e00000)
  to   space 512K, 0% used [0x00000000d5d00000,0x00000000d5d00000,0x00000000d5d80000)
 ParOldGen       total 129536K, used 180K [0x0000000081400000, 0x0000000089280000, 0x00000000d5c00000)
  object space 129536K, 0% used [0x0000000081400000,0x000000008142d090,0x0000000089280000)
 Metaspace       used 5424K, capacity 5464K, committed 5632K, reserved 1056768K
  class space    used 638K, capacity 648K, committed 768K, reserved 1048576K
Event: 0.716 GC heap after
Heap after GC invocations=3 (full 0):
 PSYoungGen      total 1536K, used 512K [0x00000000d5c00000, 0x00000000d5f00000, 0x0000000100000000)
  eden space 1024K, 0% used [0x00000000d5c00000,0x00000000d5c00000,0x00000000d5d00000)
  from space 512K, 100% used [0x00000000d5d00000,0x00000000d5d80000,0x00000000d5d80000)
  to   space 512K, 0% used [0x00000000d5e80000,0x00000000d5e80000,0x00000000d5f00000)
 ParOldGen       total 129536K, used 620K [0x0000000081400000, 0x0000000089280000, 0x00000000d5c00000)
  object space 129536K, 0% used [0x0000000081400000,0x000000008149b090,0x0000000089280000)
 Metaspace       used 5424K, capacity 5464K, committed 5632K, reserved 1056768K
  class space    used 638K, capacity 648K, committed 768K, reserved 1048576K
}
Event: 1.242 GC heap before
{Heap before GC invocations=4 (full 0):
 PSYoungGen      total 1536K, used 1536K [0x00000000d5c00000, 0x00000000d5f00000, 0x0000000100000000)
  eden space 1024K, 100% used [0x00000000d5c00000,0x00000000d5d00000,0x00000000d5d00000)
  from space 512K, 100% used [0x00000000d5d00000,0x00000000d5d80000,0x00000000d5d80000)
  to   space 512K, 0% used [0x00000000d5e80000,0x00000000d5e80000,0x00000000d5f00000)
 ParOldGen       total 129536K, used 620K [0x0000000081400000, 0x0000000089280000, 0x00000000d5c00000)
  object space 129536K, 0% used [0x0000000081400000,0x000000008149b090,0x0000000089280000)
 Metaspace       used 6132K, capacity 6200K, committed 6400K, reserved 1056768K
  class space    used 715K, capacity 744K, committed 768K, reserved 1048576K
Event: 1.246 GC heap after
Heap after GC invocations=4 (full 0):
 PSYoungGen      total 2560K, used 512K [0x00000000d5c00000, 0x00000000d5f00000, 0x0000000100000000)
  eden space 2048K, 0% used [0x00000000d5c00000,0x00000000d5c00000,0x00000000d5e00000)
  from space 512K, 100% used [0x00000000d5e80000,0x00000000d5f00000,0x00000000d5f00000)
  to   space 512K, 0% used [0x00000000d5e00000,0x00000000d5e00000,0x00000000d5e80000)
 ParOldGen       total 129536K, used 1000K [0x0000000081400000, 0x0000000089280000, 0x00000000d5c00000)
  object space 129536K, 0% used [0x0000000081400000,0x00000000814fa3e8,0x0000000089280000)
 Metaspace       used 6132K, capacity 6200K, committed 6400K, reserved 1056768K
  class space    used 715K, capacity 744K, committed 768K, reserved 1048576K
}
Event: 2.886 GC heap before
{Heap before GC invocations=5 (full 0):
 PSYoungGen      total 2560K, used 2560K [0x00000000d5c00000, 0x00000000d5f00000, 0x0000000100000000)
  eden space 2048K, 100% used [0x00000000d5c00000,0x00000000d5e00000,0x00000000d5e00000)
  from space 512K, 100% used [0x00000000d5e80000,0x00000000d5f00000,0x00000000d5f00000)
  to   space 512K, 0% used [0x00000000d5e00000,0x00000000d5e00000,0x00000000d5e80000)
 ParOldGen       total 129536K, used 1000K [0x0000000081400000, 0x0000000089280000, 0x00000000d5c00000)
  object space 129536K, 0% used [0x0000000081400000,0x00000000814fa3e8,0x0000000089280000)
 Metaspace       used 6255K, capacity 6328K, committed 6400K, reserved 1056768K
  class space    used 727K, capacity 744K, committed 768K, reserved 1048576K
Event: 2.896 GC heap after
Heap after GC invocations=5 (full 0):
 PSYoungGen      total 2560K, used 512K [0x00000000d5c00000, 0x00000000d6400000, 0x0000000100000000)
  eden space 2048K, 0% used [0x00000000d5c00000,0x00000000d5c00000,0x00000000d5e00000)
  from space 512K, 100% used [0x00000000d5e00000,0x00000000d5e80000,0x00000000d5e80000)
  to   space 2048K, 0% used [0x00000000d6200000,0x00000000d6200000,0x00000000d6400000)
 ParOldGen       total 129536K, used 2554K [0x0000000081400000, 0x0000000089280000, 0x00000000d5c00000)
  object space 129536K, 1% used [0x0000000081400000,0x000000008167eb58,0x0000000089280000)
 Metaspace       used 6255K, capacity 6328K, committed 6400K, reserved 1056768K
  class space    used 727K, capacity 744K, committed 768K, reserved 1048576K
}
Event: 2.994 GC heap before
{Heap before GC invocations=6 (full 0):
 PSYoungGen      total 2560K, used 2559K [0x00000000d5c00000, 0x00000000d6400000, 0x0000000100000000)
  eden space 2048K, 99% used [0x00000000d5c00000,0x00000000d5dffe30,0x00000000d5e00000)
  from space 512K, 100% used [0x00000000d5e00000,0x00000000d5e80000,0x00000000d5e80000)
  to   space 2048K, 0% used [0x00000000d6200000,0x00000000d6200000,0x00000000d6400000)
 ParOldGen       total 129536K, used 2554K [0x0000000081400000, 0x0000000089280000, 0x00000000d5c00000)
  object space 129536K, 1% used [0x0000000081400000,0x000000008167eb58,0x0000000089280000)
 Metaspace       used 6260K, capacity 6328K, committed 6400K, reserved 1056768K
  class space    used 727K, capacity 744K, committed 768K, reserved 1048576K
Event: 3.001 GC heap after
Heap after GC invocations=6 (full 0):
 PSYoungGen      total 5120K, used 2023K [0x00000000d5c00000, 0x00000000d6600000, 0x0000000100000000)
  eden space 3072K, 0% used [0x00000000d5c00000,0x00000000d5c00000,0x00000000d5f00000)
  from space 2048K, 98% used [0x00000000d6200000,0x00000000d63f9d18,0x00000000d6400000)
  to   space 3072K, 0% used [0x00000000d5f00000,0x00000000d5f00000,0x00000000d6200000)
 ParOldGen       total 129536K, used 3253K [0x0000000081400000, 0x0000000089280000, 0x00000000d5c00000)
  object space 129536K, 2% used [0x0000000081400000,0x000000008172d630,0x0000000089280000)
 Metaspace       used 6260K, capacity 6328K, committed 6400K, reserved 1056768K
  class space    used 727K, capacity 744K, committed 768K, reserved 1048576K
}
Event: 6.744 GC heap before
{Heap before GC invocations=7 (full 0):
 PSYoungGen      total 5120K, used 5095K [0x00000000d5c00000, 0x00000000d6600000, 0x0000000100000000)
  eden space 3072K, 100% used [0x00000000d5c00000,0x00000000d5f00000,0x00000000d5f00000)
  from space 2048K, 98% used [0x00000000d6200000,0x00000000d63f9d18,0x00000000d6400000)
  to   space 3072K, 0% used [0x00000000d5f00000,0x00000000d5f00000,0x00000000d6200000)
 ParOldGen       total 129536K, used 3253K [0x0000000081400000, 0x0000000089280000, 0x00000000d5c00000)
  object space 129536K, 2% used [0x0000000081400000,0x000000008172d630,0x0000000089280000)
 Metaspace       used 17585K, capacity 17718K, committed 17920K, reserved 1064960K
  class space    used 1389K, capacity 1420K, committed 1536K, reserved 1048576K
Event: 6.749 GC heap after
Heap after GC invocations=7 (full 0):
 PSYoungGen      total 6144K, used 736K [0x00000000d5c00000, 0x00000000d6800000, 0x0000000100000000)
  eden space 3072K, 0% used [0x00000000d5c00000,0x00000000d5c00000,0x00000000d5f00000)
  from space 3072K, 23% used [0x00000000d5f00000,0x00000000d5fb8000,0x00000000d6200000)
  to   space 3072K, 0% used [0x00000000d6500000,0x00000000d6500000,0x00000000d6800000)
 ParOldGen       total 129536K, used 3453K [0x0000000081400000, 0x0000000089280000, 0x00000000d5c00000)
  object space 129536K, 2% used [0x0000000081400000,0x000000008175f630,0x0000000089280000)
 Metaspace       used 17585K, capacity 17718K, committed 17920K, reserved 1064960K
  class space    used 1389K, capacity 1420K, committed 1536K, reserved 1048576K
}

